<?xml version="1.0" encoding="UTF-8"?>
<!-- Generated by org.testng.reporters.JUnitReportReporter -->
<testsuite hostname="DESKTOP-M2T3POQ" failures="0" tests="1" name="com.qa.TestCases.ContactPageTest" time="0.000" errors="0" timestamp="2020-07-28T11:43:07 IST" skipped="1">
  <testcase classname="com.qa.TestCases.ContactPageTest" name="validateCreateContact" time="0.000">
    <skipped/>
  </testcase> <!-- validateCreateContact -->
  <system-out/>
</testsuite> <!-- com.qa.TestCases.ContactPageTest -->
