<?xml version="1.0" encoding="UTF-8"?>
<!-- Generated by org.testng.reporters.JUnitReportReporter -->
<testsuite hostname="DESKTOP-M2T3POQ" failures="0" tests="2" name="com.qa.TestCases.LoginPageTestCase" time="107.342" errors="0" timestamp="2020-08-01T18:27:46 IST" skipped="0">
  <testcase classname="com.qa.TestCases.LoginPageTestCase" name="loginPageTitleTest" time="46.883"/>
  <system-out/>
  <testcase classname="com.qa.TestCases.LoginPageTestCase" name="loginTest" time="60.459"/>
  <system-out/>
</testsuite> <!-- com.qa.TestCases.LoginPageTestCase -->
