<?xml version="1.0" encoding="UTF-8"?>
<!-- Generated by org.testng.reporters.JUnitReportReporter -->
<testsuite hostname="DESKTOP-M2T3POQ" failures="0" tests="3" name="com.qa.TestCases.ContactPageTestCases" time="126.833" errors="0" timestamp="2020-08-01T18:27:46 IST" skipped="1">
  <testcase classname="com.qa.TestCases.ContactPageTestCases" name="validateContactTitle" time="57.528"/>
  <system-out/>
  <testcase classname="com.qa.TestCases.ContactPageTestCases" name="vailadteContactLable" time="69.305"/>
  <system-out/>
  <testcase classname="com.qa.TestCases.ContactPageTestCases" name="validateCreateContact" time="0.000">
    <skipped/>
  </testcase> <!-- validateCreateContact -->
  <system-out/>
</testsuite> <!-- com.qa.TestCases.ContactPageTestCases -->
